Script started on 2018-03-18 11:17:55-0500
101 > make C=2 S=1 T=1
/usr/bin/make -f makefile1 C=2 S=1
make[1]: Entering directory '/home/cs631/examples/mux-echo'
gcc -c -g -Wall -Wextra muxcli2.c
gcc -c -g -Wall -Wextra muxsrv1.c
gcc -c -g -Wall -Wextra muxutil.c
gcc -o muxcli2.exe muxcli2.o muxutil.o /home/cs631/common/wrapper.o /home/cs631/common/in-out.o
gcc -o muxsrv1.exe muxsrv1.o muxutil.o /home/cs631/common/wrapper.o /home/cs631/common/in-out.o
make[1]: Leaving directory '/home/cs631/examples/mux-echo'
102 > 
102 > make execute C=2 S=1 T=1
/usr/bin/make -f makefile1 execute C=2 S=1
make[1]: Entering directory '/home/cs631/examples/mux-echo'
/home/cs631/examples/test-prog/gen_data /home/cs631/examples/test-prog/testprog.c data-in 10000
muxsrv1.exe &
time -p muxcli2.exe 127.0.0.1 < data-in > data-out; echo ""
real 1.81
user 0.19
sys 1.62

ls -l data-in data-out; echo ""; /bin/ps -f
-rw------- 1 cs631 courses 7130000 Mar 18 11:18 data-in
-rw------- 1 cs631 courses 7130000 Mar 18 11:18 data-out

UID        PID  PPID  C STIME TTY          TIME CMD
cs631     1510     1 71 11:18 pts/1    00:00:01 muxsrv1.exe
cs631     1514 23910  0 11:18 pts/1    00:00:00 /bin/sh -c ls -l data-in data-out; echo ""; /bin/ps -f
cs631     1516  1514  0 11:18 pts/1    00:00:00 /bin/ps -f
cs631    23889 23888  0 11:17 pts/1    00:00:00 -sh -i
cs631    23909 23889  0 11:18 pts/1    00:00:00 make execute C=2 S=1 T=1
cs631    23910 23909  0 11:18 pts/1    00:00:00 /usr/bin/make -f makefile1 execute C=2 S=1
make[1]: Leaving directory '/home/cs631/examples/mux-echo'
103 > 
103 > make clean
/bin/rm -f *.o *.exe data-in data-out
if pgrep -x ".*.exe"; then\
	killall -r ".*.exe"; /bin/ps -f;\
fi
1510
UID        PID  PPID  C STIME TTY          TIME CMD
cs631     1517 23889  0 11:18 pts/1    00:00:00 make clean
cs631     1521  1517  0 11:18 pts/1    00:00:00 /bin/sh -c if pgrep -x ".*.exe"; then\ ?killall -r ".*.exe"; /
cs631     1524  1521  0 11:18 pts/1    00:00:00 /bin/ps -f
cs631    23889 23888  0 11:17 pts/1    00:00:00 -sh -i
104 > exit

Script done on 2018-03-18 11:18:59-0500
