Script started on 2018-03-18 11:06:45-0500
101 > make C=1 S=1 T=1
/usr/bin/make -f makefile1 C=1 S=1
make[1]: Entering directory '/home/cs631/examples/mux-echo'
gcc -c -g -Wall -Wextra muxcli1.c
gcc -c -g -Wall -Wextra muxsrv1.c
gcc -c -g -Wall -Wextra muxutil.c
gcc -o muxcli1.exe muxcli1.o muxutil.o /home/cs631/common/wrapper.o /home/cs631/common/in-out.o
gcc -o muxsrv1.exe muxsrv1.o muxutil.o /home/cs631/common/wrapper.o /home/cs631/common/in-out.o
make[1]: Leaving directory '/home/cs631/examples/mux-echo'
102 > 
102 > make execute C=1 S=1 T=1
/usr/bin/make -f makefile1 execute C=1 S=1
make[1]: Entering directory '/home/cs631/examples/mux-echo'
/home/cs631/examples/test-prog/gen_data /home/cs631/examples/test-prog/testprog.c data-in 10000
muxsrv1.exe &
time -p muxcli1.exe 127.0.0.1 < data-in > data-out; echo ""
writen error: Connection reset by peer
real 1.76
user 0.23
sys 1.52

ls -l data-in data-out; echo ""; /bin/ps -f
-rw------- 1 cs631 courses 7130000 Mar 18 11:07 data-in
-rw------- 1 cs631 courses 7107303 Mar 18 11:07 data-out

UID        PID  PPID  C STIME TTY          TIME CMD
cs631     3589 25476  0 11:07 pts/1    00:00:00 /bin/sh -c ls -l data-in data-out; echo ""; /bin/ps -f
cs631     3591  3589  0 11:07 pts/1    00:00:00 /bin/ps -f
cs631    25455 25454  0 11:06 pts/1    00:00:00 -sh -i
cs631    25475 25455  0 11:07 pts/1    00:00:00 make execute C=1 S=1 T=1
cs631    25476 25475  0 11:07 pts/1    00:00:00 /usr/bin/make -f makefile1 execute C=1 S=1
make[1]: Leaving directory '/home/cs631/examples/mux-echo'
103 > 
103 > make clean
/bin/rm -f *.o *.exe data-in data-out
if pgrep -x ".*.exe"; then\
	killall -r ".*.exe"; /bin/ps -f;\
fi
104 > exit

Script done on 2018-03-18 11:07:54-0500
