Script started on 2018-03-18 11:19:55-0500
101 > make C=2 S=2 T=1
/usr/bin/make -f makefile1 C=2 S=2
make[1]: Entering directory '/home/cs631/examples/mux-echo'
gcc -c -g -Wall -Wextra muxcli2.c
gcc -c -g -Wall -Wextra muxsrv2.c
gcc -c -g -Wall -Wextra muxutil.c
gcc -o muxcli2.exe muxcli2.o muxutil.o /home/cs631/common/wrapper.o /home/cs631/common/in-out.o
gcc -o muxsrv2.exe muxsrv2.o muxutil.o /home/cs631/common/wrapper.o /home/cs631/common/in-out.o
make[1]: Leaving directory '/home/cs631/examples/mux-echo'
102 > 
102 > make execute C=2 S=2 T=1
/usr/bin/make -f makefile1 execute C=2 S=2
make[1]: Entering directory '/home/cs631/examples/mux-echo'
/home/cs631/examples/test-prog/gen_data /home/cs631/examples/test-prog/testprog.c data-in 10000
muxsrv2.exe &
time -p muxcli2.exe 127.0.0.1 < data-in > data-out; echo ""
real 1.44
user 0.18
sys 1.26

ls -l data-in data-out; echo ""; /bin/ps -f
-rw------- 1 cs631 courses 7130000 Mar 18 11:20 data-in
-rw------- 1 cs631 courses 7130000 Mar 18 11:20 data-out

UID        PID  PPID  C STIME TTY          TIME CMD
cs631     1536  1535  0 11:19 pts/1    00:00:00 -sh -i
cs631     1571  1536  0 11:20 pts/1    00:00:00 make execute C=2 S=2 T=1
cs631     1572  1571  0 11:20 pts/1    00:00:00 /usr/bin/make -f makefile1 execute C=2 S=2
cs631    12091     1 99 11:20 pts/1    00:00:01 muxsrv2.exe
cs631    12095  1572  0 11:20 pts/1    00:00:00 /bin/sh -c ls -l data-in data-out; echo ""; /bin/ps -f
cs631    12097 12095  0 11:20 pts/1    00:00:00 /bin/ps -f
make[1]: Leaving directory '/home/cs631/examples/mux-echo'
103 > 
103 > make clean
/bin/rm -f *.o *.exe data-in data-out
if pgrep -x ".*.exe"; then\
	killall -r ".*.exe"; /bin/ps -f;\
fi
12091
UID        PID  PPID  C STIME TTY          TIME CMD
cs631     1536  1535  0 11:19 pts/1    00:00:00 -sh -i
cs631    12098  1536  0 11:20 pts/1    00:00:00 make clean
cs631    12101 12098  0 11:20 pts/1    00:00:00 /bin/sh -c if pgrep -x ".*.exe"; then\ ?killall -r ".*.exe"; /
cs631    12104 12101  0 11:20 pts/1    00:00:00 /bin/ps -f
104 > exit

Script done on 2018-03-18 11:20:58-0500
