Script started on 2018-03-18 11:09:57-0500
101 > make C=1 S=2 T=1
/usr/bin/make -f makefile1 C=1 S=2
make[1]: Entering directory '/home/cs631/examples/mux-echo'
gcc -c -g -Wall -Wextra muxcli1.c
gcc -c -g -Wall -Wextra muxsrv2.c
gcc -c -g -Wall -Wextra muxutil.c
gcc -o muxcli1.exe muxcli1.o muxutil.o /home/cs631/common/wrapper.o /home/cs631/common/in-out.o
gcc -o muxsrv2.exe muxsrv2.o muxutil.o /home/cs631/common/wrapper.o /home/cs631/common/in-out.o
make[1]: Leaving directory '/home/cs631/examples/mux-echo'
102 > 
102 > make execute C=1 S=2 T=1
/usr/bin/make -f makefile1 execute C=1 S=2
make[1]: Entering directory '/home/cs631/examples/mux-echo'
/home/cs631/examples/test-prog/gen_data /home/cs631/examples/test-prog/testprog.c data-in 10000
muxsrv2.exe &
time -p muxcli1.exe 127.0.0.1 < data-in > data-out; echo ""
writen error: Connection reset by peer
real 1.54
user 0.22
sys 1.31

ls -l data-in data-out; echo ""; /bin/ps -f
-rw------- 1 cs631 courses 7130000 Mar 18 11:10 data-in
-rw------- 1 cs631 courses 7119703 Mar 18 11:10 data-out

UID        PID  PPID  C STIME TTY          TIME CMD
cs631     3691  3690  0 11:09 pts/1    00:00:00 -sh -i
cs631     3726  3691  0 11:10 pts/1    00:00:00 make execute C=1 S=2 T=1
cs631     3727  3726  0 11:10 pts/1    00:00:00 /usr/bin/make -f makefile1 execute C=1 S=2
cs631    13742  3727  0 11:10 pts/1    00:00:00 /bin/sh -c ls -l data-in data-out; echo ""; /bin/ps -f
cs631    13744 13742  0 11:10 pts/1    00:00:00 /bin/ps -f
make[1]: Leaving directory '/home/cs631/examples/mux-echo'
103 > 
103 > make clean
/bin/rm -f *.o *.exe data-in data-out
if pgrep -x ".*.exe"; then\
	killall -r ".*.exe"; /bin/ps -f;\
fi
104 > exit

Script done on 2018-03-18 11:11:19-0500
