Script started on 2018-03-18 11:13:58-0500
101 > make C=1 S=2 T=2
/usr/bin/make -f makefile2 C=1 S=2
make[1]: Entering directory '/home/cs631/examples/mux-echo'
gcc -c -g -Wall -Wextra muxcli1.c
gcc -c -g -Wall -Wextra /home/cs631/examples/tcp-echo/tcpsrv2.c
gcc -c -g -Wall -Wextra muxutil.c
gcc -c -g -Wall -Wextra /home/cs631/examples/tcp-echo/tcputil.c
gcc -o muxcli1.exe muxcli1.o muxutil.o /home/cs631/common/wrapper.o /home/cs631/common/in-out.o
gcc -o tcpsrv2.exe tcpsrv2.o tcputil.o /home/cs631/common/wrapper.o /home/cs631/common/in-out.o
make[1]: Leaving directory '/home/cs631/examples/mux-echo'
102 > 
102 > make execute C=1 S=2 T=2
/usr/bin/make -f makefile2 execute C=1 S=2
make[1]: Entering directory '/home/cs631/examples/mux-echo'
/home/cs631/examples/test-prog/gen_data /home/cs631/examples/test-prog/testprog.c data-in 10000
tcpsrv2.exe &
time -p muxcli1.exe 127.0.0.1 < data-in > data-out; echo ""
readline error: Connection reset by peer
real 1.20
user 0.17
sys 1.03
child 23825 terminated

ls -l data-in data-out; echo ""; /bin/ps -f
-rw------- 1 cs631 courses 7130000 Mar 18 11:15 data-in
-rw------- 1 cs631 courses 7125244 Mar 18 11:15 data-out

UID        PID  PPID  C STIME TTY          TIME CMD
cs631    13770 13769  0 11:13 pts/1    00:00:00 -sh -i
cs631    13793 13770  0 11:14 pts/1    00:00:00 make execute C=1 S=2 T=2
cs631    13794 13793  0 11:14 pts/1    00:00:00 /usr/bin/make -f makefile2 execute C=1 S=2
cs631    23821     1  0 11:15 pts/1    00:00:00 tcpsrv2.exe
cs631    23826 13794  0 11:15 pts/1    00:00:00 /bin/sh -c ls -l data-in data-out; echo ""; /bin/ps -f
cs631    23828 23826  0 11:15 pts/1    00:00:00 /bin/ps -f
make[1]: Leaving directory '/home/cs631/examples/mux-echo'
103 > 
103 > make clean
/bin/rm -f *.o *.exe data-in data-out
if pgrep -x ".*.exe"; then\
	killall -r ".*.exe"; /bin/ps -f;\
fi
23821
UID        PID  PPID  C STIME TTY          TIME CMD
cs631    13770 13769  0 11:13 pts/1    00:00:00 -sh -i
cs631    23829 13770  0 11:15 pts/1    00:00:00 make clean
cs631    23832 23829  0 11:15 pts/1    00:00:00 /bin/sh -c if pgrep -x ".*.exe"; then\ ?killall -r ".*.exe"; /
cs631    23835 23832  0 11:15 pts/1    00:00:00 /bin/ps -f
104 > exit

Script done on 2018-03-18 11:15:21-0500
